0 info it worked if it ends with ok
1 verbose cli [ '/Users/junxianlim/.nvm/versions/node/v6.4.0/bin/node',
1 verbose cli   '/Users/junxianlim/.nvm/versions/node/v6.4.0/bin/npm',
1 verbose cli   'start' ]
2 info using npm@3.10.6
3 info using node@v6.4.0
4 verbose run-script [ 'prestart', 'start', 'poststart' ]
5 info lifecycle book-react@1.0.0~prestart: book-react@1.0.0
6 silly lifecycle book-react@1.0.0~prestart: no script for prestart, continuing
7 info lifecycle book-react@1.0.0~start: book-react@1.0.0
8 verbose lifecycle book-react@1.0.0~start: unsafe-perm in lifecycle true
9 verbose lifecycle book-react@1.0.0~start: PATH: /Users/junxianlim/.nvm/versions/node/v6.4.0/lib/node_modules/npm/bin/node-gyp-bin:/Users/junxianlim/Documents/work/code/javascript/react/book-react/node_modules/.bin:/Users/junxianlim/.swiftenv/shims:/Users/junxianlim/.swiftenv/bin:/Users/junxianlim/.nvm/versions/node/v6.4.0/bin:/Users/junxianlim/.rvm/gems/ruby-2.3.1/bin:/Users/junxianlim/.rvm/gems/ruby-2.3.1@global/bin:/Users/junxianlim/.rvm/rubies/ruby-2.3.1/bin:/Users/junxianlim/.swiftenv/shims:/Users/junxianlim/.swiftenv/bin:/usr/local/bin:/usr/bin:/bin:/usr/sbin:/sbin:/Users/junxianlim/.rvm/gems/ruby-2.2.3/bin:/Users/junxianlim/.rvm/gems/ruby-2.2.3@global/bin:/Users/junxianlim/.rvm/rubies/ruby-2.2.3/bin:/usr/local/bin:/usr/bin:/bin:/usr/sbin:/sbin:/usr/local/git/bin:/Users/junxianlim/.rvm/bin:/Users/junxianlim/.rvm/bin:/Users/junxianlim/.rvm/bin:/Users/junxianlim/.rvm/gems/ruby-2.2.3/bin:/Users/junxianlim/.rvm/gems/ruby-2.2.3@global/bin:/Users/junxianlim/.rvm/rubies/ruby-2.2.3/bin:/usr/local/bin:/usr/bin:/bin:/usr/sbin:/sbin:/usr/local/git/bin:/Users/junxianlim/.rvm/bin:/Users/junxianlim/.rvm/bin:/Users/junxianlim/.rvm/bin
10 verbose lifecycle book-react@1.0.0~start: CWD: /Users/junxianlim/Documents/work/code/javascript/react/book-react
11 silly lifecycle book-react@1.0.0~start: Args: [ '-c', 'node index' ]
12 silly lifecycle book-react@1.0.0~start: Returned: code: 1  signal: null
13 info lifecycle book-react@1.0.0~start: Failed to exec start script
14 verbose stack Error: book-react@1.0.0 start: `node index`
14 verbose stack Exit status 1
14 verbose stack     at EventEmitter.<anonymous> (/Users/junxianlim/.nvm/versions/node/v6.4.0/lib/node_modules/npm/lib/utils/lifecycle.js:255:16)
14 verbose stack     at emitTwo (events.js:106:13)
14 verbose stack     at EventEmitter.emit (events.js:191:7)
14 verbose stack     at ChildProcess.<anonymous> (/Users/junxianlim/.nvm/versions/node/v6.4.0/lib/node_modules/npm/lib/utils/spawn.js:40:14)
14 verbose stack     at emitTwo (events.js:106:13)
14 verbose stack     at ChildProcess.emit (events.js:191:7)
14 verbose stack     at maybeClose (internal/child_process.js:852:16)
14 verbose stack     at Process.ChildProcess._handle.onexit (internal/child_process.js:215:5)
15 verbose pkgid book-react@1.0.0
16 verbose cwd /Users/junxianlim/Documents/work/code/javascript/react/book-react
17 error Darwin 15.6.0
18 error argv "/Users/junxianlim/.nvm/versions/node/v6.4.0/bin/node" "/Users/junxianlim/.nvm/versions/node/v6.4.0/bin/npm" "start"
19 error node v6.4.0
20 error npm  v3.10.6
21 error code ELIFECYCLE
22 error book-react@1.0.0 start: `node index`
22 error Exit status 1
23 error Failed at the book-react@1.0.0 start script 'node index'.
23 error Make sure you have the latest version of node.js and npm installed.
23 error If you do, this is most likely a problem with the book-react package,
23 error not with npm itself.
23 error Tell the author that this fails on your system:
23 error     node index
23 error You can get information on how to open an issue for this project with:
23 error     npm bugs book-react
23 error Or if that isn't available, you can get their info via:
23 error     npm owner ls book-react
23 error There is likely additional logging output above.
24 verbose exit [ 1, true ]
